[ERROR] 2015-07-29 10:35:21,791              org.luke.util.WeixinUtil     - Weixin server connection timed out.
 java.net.ConnectException: Connection timed out: connect
	at java.net.DualStackPlainSocketImpl.connect0(Native Method)
	at java.net.DualStackPlainSocketImpl.socketConnect(Unknown Source)
	at java.net.AbstractPlainSocketImpl.doConnect(Unknown Source)
	at java.net.AbstractPlainSocketImpl.connectToAddress(Unknown Source)
	at java.net.AbstractPlainSocketImpl.connect(Unknown Source)
	at java.net.PlainSocketImpl.connect(Unknown Source)
	at java.net.SocksSocketImpl.connect(Unknown Source)
	at java.net.Socket.connect(Unknown Source)
	at sun.security.ssl.SSLSocketImpl.connect(Unknown Source)
	at sun.security.ssl.BaseSSLSocketImpl.connect(Unknown Source)
	at sun.net.NetworkClient.doConnect(Unknown Source)
	at sun.net.www.http.HttpClient.openServer(Unknown Source)
	at sun.net.www.http.HttpClient.openServer(Unknown Source)
	at sun.net.www.protocol.https.HttpsClient.<init>(Unknown Source)
	at sun.net.www.protocol.https.HttpsClient.New(Unknown Source)
	at sun.net.www.protocol.https.AbstractDelegateHttpsURLConnection.getNewHttpClient(Unknown Source)
	at sun.net.www.protocol.http.HttpURLConnection.plainConnect0(Unknown Source)
	at sun.net.www.protocol.http.HttpURLConnection.plainConnect(Unknown Source)
	at sun.net.www.protocol.https.AbstractDelegateHttpsURLConnection.connect(Unknown Source)
	at sun.net.www.protocol.https.HttpsURLConnectionImpl.connect(Unknown Source)
	at org.luke.util.WeixinUtil.httpRequest(WeixinUtil.java:46)
	at org.luke.util.WeixinUtil.getAccessToken(WeixinUtil.java:80)
	at org.luke.main.MenuManager.main(MenuManager.java:24)
[ERROR] 2015-07-29 10:43:27,848              org.luke.util.WeixinUtil     - Weixin server connection timed out.
 java.net.ConnectException: Connection timed out: connect
	at java.net.DualStackPlainSocketImpl.connect0(Native Method)
	at java.net.DualStackPlainSocketImpl.socketConnect(Unknown Source)
	at java.net.AbstractPlainSocketImpl.doConnect(Unknown Source)
	at java.net.AbstractPlainSocketImpl.connectToAddress(Unknown Source)
	at java.net.AbstractPlainSocketImpl.connect(Unknown Source)
	at java.net.PlainSocketImpl.connect(Unknown Source)
	at java.net.SocksSocketImpl.connect(Unknown Source)
	at java.net.Socket.connect(Unknown Source)
	at sun.security.ssl.SSLSocketImpl.connect(Unknown Source)
	at sun.security.ssl.BaseSSLSocketImpl.connect(Unknown Source)
	at sun.net.NetworkClient.doConnect(Unknown Source)
	at sun.net.www.http.HttpClient.openServer(Unknown Source)
	at sun.net.www.http.HttpClient.openServer(Unknown Source)
	at sun.net.www.protocol.https.HttpsClient.<init>(Unknown Source)
	at sun.net.www.protocol.https.HttpsClient.New(Unknown Source)
	at sun.net.www.protocol.https.AbstractDelegateHttpsURLConnection.getNewHttpClient(Unknown Source)
	at sun.net.www.protocol.http.HttpURLConnection.plainConnect0(Unknown Source)
	at sun.net.www.protocol.http.HttpURLConnection.plainConnect(Unknown Source)
	at sun.net.www.protocol.https.AbstractDelegateHttpsURLConnection.connect(Unknown Source)
	at sun.net.www.protocol.https.HttpsURLConnectionImpl.connect(Unknown Source)
	at org.luke.util.WeixinUtil.httpRequest(WeixinUtil.java:46)
	at org.luke.util.WeixinUtil.getAccessToken(WeixinUtil.java:80)
	at org.luke.main.MenuManager.main(MenuManager.java:24)
[ERROR] 2015-07-29 10:44:40,571              org.luke.util.WeixinUtil     - https request error:{}
 java.net.UnknownHostException: api.weixin.qq.com
	at java.net.AbstractPlainSocketImpl.connect(Unknown Source)
	at java.net.PlainSocketImpl.connect(Unknown Source)
	at java.net.SocksSocketImpl.connect(Unknown Source)
	at java.net.Socket.connect(Unknown Source)
	at sun.security.ssl.SSLSocketImpl.connect(Unknown Source)
	at sun.security.ssl.BaseSSLSocketImpl.connect(Unknown Source)
	at sun.net.NetworkClient.doConnect(Unknown Source)
	at sun.net.www.http.HttpClient.openServer(Unknown Source)
	at sun.net.www.http.HttpClient.openServer(Unknown Source)
	at sun.net.www.protocol.https.HttpsClient.<init>(Unknown Source)
	at sun.net.www.protocol.https.HttpsClient.New(Unknown Source)
	at sun.net.www.protocol.https.AbstractDelegateHttpsURLConnection.getNewHttpClient(Unknown Source)
	at sun.net.www.protocol.http.HttpURLConnection.plainConnect0(Unknown Source)
	at sun.net.www.protocol.http.HttpURLConnection.plainConnect(Unknown Source)
	at sun.net.www.protocol.https.AbstractDelegateHttpsURLConnection.connect(Unknown Source)
	at sun.net.www.protocol.https.HttpsURLConnectionImpl.connect(Unknown Source)
	at org.luke.util.WeixinUtil.httpRequest(WeixinUtil.java:46)
	at org.luke.util.WeixinUtil.getAccessToken(WeixinUtil.java:80)
	at org.luke.main.MenuManager.main(MenuManager.java:24)
[ERROR] 2015-07-29 11:15:32,819              org.luke.util.WeixinUtil     - https request error:{}
 java.net.UnknownHostException: api.weixin.qq.com
	at java.net.AbstractPlainSocketImpl.connect(Unknown Source)
	at java.net.PlainSocketImpl.connect(Unknown Source)
	at java.net.SocksSocketImpl.connect(Unknown Source)
	at java.net.Socket.connect(Unknown Source)
	at sun.security.ssl.SSLSocketImpl.connect(Unknown Source)
	at sun.security.ssl.BaseSSLSocketImpl.connect(Unknown Source)
	at sun.net.NetworkClient.doConnect(Unknown Source)
	at sun.net.www.http.HttpClient.openServer(Unknown Source)
	at sun.net.www.http.HttpClient.openServer(Unknown Source)
	at sun.net.www.protocol.https.HttpsClient.<init>(Unknown Source)
	at sun.net.www.protocol.https.HttpsClient.New(Unknown Source)
	at sun.net.www.protocol.https.AbstractDelegateHttpsURLConnection.getNewHttpClient(Unknown Source)
	at sun.net.www.protocol.http.HttpURLConnection.plainConnect0(Unknown Source)
	at sun.net.www.protocol.http.HttpURLConnection.plainConnect(Unknown Source)
	at sun.net.www.protocol.https.AbstractDelegateHttpsURLConnection.connect(Unknown Source)
	at sun.net.www.protocol.http.HttpURLConnection.getInputStream0(Unknown Source)
	at sun.net.www.protocol.http.HttpURLConnection.getInputStream(Unknown Source)
	at sun.net.www.protocol.https.HttpsURLConnectionImpl.getInputStream(Unknown Source)
	at org.luke.util.WeixinUtil.httpRequest(WeixinUtil.java:52)
	at org.luke.util.WeixinUtil.getAccessToken(WeixinUtil.java:80)
	at org.luke.main.MenuManager.main(MenuManager.java:24)
[ERROR] 2015-07-29 11:18:57,179              org.luke.util.WeixinUtil     - Weixin server connection timed out.
 java.net.ConnectException: Connection timed out: connect
	at java.net.DualStackPlainSocketImpl.connect0(Native Method)
	at java.net.DualStackPlainSocketImpl.socketConnect(Unknown Source)
	at java.net.AbstractPlainSocketImpl.doConnect(Unknown Source)
	at java.net.AbstractPlainSocketImpl.connectToAddress(Unknown Source)
	at java.net.AbstractPlainSocketImpl.connect(Unknown Source)
	at java.net.PlainSocketImpl.connect(Unknown Source)
	at java.net.SocksSocketImpl.connect(Unknown Source)
	at java.net.Socket.connect(Unknown Source)
	at sun.security.ssl.SSLSocketImpl.connect(Unknown Source)
	at sun.security.ssl.BaseSSLSocketImpl.connect(Unknown Source)
	at sun.net.NetworkClient.doConnect(Unknown Source)
	at sun.net.www.http.HttpClient.openServer(Unknown Source)
	at sun.net.www.http.HttpClient.openServer(Unknown Source)
	at sun.net.www.protocol.https.HttpsClient.<init>(Unknown Source)
	at sun.net.www.protocol.https.HttpsClient.New(Unknown Source)
	at sun.net.www.protocol.https.AbstractDelegateHttpsURLConnection.getNewHttpClient(Unknown Source)
	at sun.net.www.protocol.http.HttpURLConnection.plainConnect0(Unknown Source)
	at sun.net.www.protocol.http.HttpURLConnection.plainConnect(Unknown Source)
	at sun.net.www.protocol.https.AbstractDelegateHttpsURLConnection.connect(Unknown Source)
	at sun.net.www.protocol.http.HttpURLConnection.getInputStream0(Unknown Source)
	at sun.net.www.protocol.http.HttpURLConnection.getInputStream(Unknown Source)
	at sun.net.www.protocol.https.HttpsURLConnectionImpl.getInputStream(Unknown Source)
	at org.luke.util.WeixinUtil.httpRequest(WeixinUtil.java:52)
	at org.luke.util.WeixinUtil.getAccessToken(WeixinUtil.java:80)
	at org.luke.main.MenuManager.main(MenuManager.java:24)
[ERROR] 2015-07-29 11:24:23,275              org.luke.util.WeixinUtil     - Weixin server connection timed out.
 java.net.ConnectException: Connection timed out: connect
	at java.net.DualStackPlainSocketImpl.connect0(Native Method)
	at java.net.DualStackPlainSocketImpl.socketConnect(Unknown Source)
	at java.net.AbstractPlainSocketImpl.doConnect(Unknown Source)
	at java.net.AbstractPlainSocketImpl.connectToAddress(Unknown Source)
	at java.net.AbstractPlainSocketImpl.connect(Unknown Source)
	at java.net.PlainSocketImpl.connect(Unknown Source)
	at java.net.SocksSocketImpl.connect(Unknown Source)
	at java.net.Socket.connect(Unknown Source)
	at sun.security.ssl.SSLSocketImpl.connect(Unknown Source)
	at sun.security.ssl.BaseSSLSocketImpl.connect(Unknown Source)
	at sun.net.NetworkClient.doConnect(Unknown Source)
	at sun.net.www.http.HttpClient.openServer(Unknown Source)
	at sun.net.www.http.HttpClient.openServer(Unknown Source)
	at sun.net.www.protocol.https.HttpsClient.<init>(Unknown Source)
	at sun.net.www.protocol.https.HttpsClient.New(Unknown Source)
	at sun.net.www.protocol.https.AbstractDelegateHttpsURLConnection.getNewHttpClient(Unknown Source)
	at sun.net.www.protocol.http.HttpURLConnection.plainConnect0(Unknown Source)
	at sun.net.www.protocol.http.HttpURLConnection.plainConnect(Unknown Source)
	at sun.net.www.protocol.https.AbstractDelegateHttpsURLConnection.connect(Unknown Source)
	at sun.net.www.protocol.http.HttpURLConnection.getInputStream0(Unknown Source)
	at sun.net.www.protocol.http.HttpURLConnection.getInputStream(Unknown Source)
	at sun.net.www.protocol.https.HttpsURLConnectionImpl.getInputStream(Unknown Source)
	at org.luke.util.WeixinUtil.httpRequest(WeixinUtil.java:52)
	at org.luke.util.WeixinUtil.getAccessToken(WeixinUtil.java:80)
	at org.luke.main.MenuManager.main(MenuManager.java:24)
[ERROR] 2015-07-29 11:24:39,991              org.luke.util.WeixinUtil     - Weixin server connection timed out.
 java.net.ConnectException: Connection timed out: connect
	at java.net.DualStackPlainSocketImpl.connect0(Native Method)
	at java.net.DualStackPlainSocketImpl.socketConnect(Unknown Source)
	at java.net.AbstractPlainSocketImpl.doConnect(Unknown Source)
	at java.net.AbstractPlainSocketImpl.connectToAddress(Unknown Source)
	at java.net.AbstractPlainSocketImpl.connect(Unknown Source)
	at java.net.PlainSocketImpl.connect(Unknown Source)
	at java.net.SocksSocketImpl.connect(Unknown Source)
	at java.net.Socket.connect(Unknown Source)
	at sun.security.ssl.SSLSocketImpl.connect(Unknown Source)
	at sun.security.ssl.BaseSSLSocketImpl.connect(Unknown Source)
	at sun.net.NetworkClient.doConnect(Unknown Source)
	at sun.net.www.http.HttpClient.openServer(Unknown Source)
	at sun.net.www.http.HttpClient.openServer(Unknown Source)
	at sun.net.www.protocol.https.HttpsClient.<init>(Unknown Source)
	at sun.net.www.protocol.https.HttpsClient.New(Unknown Source)
	at sun.net.www.protocol.https.AbstractDelegateHttpsURLConnection.getNewHttpClient(Unknown Source)
	at sun.net.www.protocol.http.HttpURLConnection.plainConnect0(Unknown Source)
	at sun.net.www.protocol.http.HttpURLConnection.plainConnect(Unknown Source)
	at sun.net.www.protocol.https.AbstractDelegateHttpsURLConnection.connect(Unknown Source)
	at sun.net.www.protocol.http.HttpURLConnection.getInputStream0(Unknown Source)
	at sun.net.www.protocol.http.HttpURLConnection.getInputStream(Unknown Source)
	at sun.net.www.protocol.https.HttpsURLConnectionImpl.getInputStream(Unknown Source)
	at org.luke.util.WeixinUtil.httpRequest(WeixinUtil.java:52)
	at org.luke.util.WeixinUtil.getAccessToken(WeixinUtil.java:80)
	at org.luke.main.MenuManager.main(MenuManager.java:24)
[ERROR] 2015-07-29 13:10:17,839              org.luke.util.WeixinUtil     - Weixin server connection timed out.
 [ERROR] 2015-07-29 13:12:05,410              org.luke.util.WeixinUtil     - Weixin server connection timed out.
 java.net.ConnectException: Connection timed out: connect
	at java.net.DualStackPlainSocketImpl.connect0(Native Method)
	at java.net.DualStackPlainSocketImpl.socketConnect(Unknown Source)
	at java.net.AbstractPlainSocketImpl.doConnect(Unknown Source)
	at java.net.AbstractPlainSocketImpl.connectToAddress(Unknown Source)
	at java.net.AbstractPlainSocketImpl.connect(Unknown Source)
	at java.net.PlainSocketImpl.connect(Unknown Source)
	at java.net.SocksSocketImpl.connect(Unknown Source)
	at java.net.Socket.connect(Unknown Source)
	at sun.security.ssl.SSLSocketImpl.connect(Unknown Source)
	at sun.security.ssl.BaseSSLSocketImpl.connect(Unknown Source)
	at sun.net.NetworkClient.doConnect(Unknown Source)
	at sun.net.www.http.HttpClient.openServer(Unknown Source)
	at sun.net.www.http.HttpClient.openServer(Unknown Source)
	at sun.net.www.protocol.https.HttpsClient.<init>(Unknown Source)
	at sun.net.www.protocol.https.HttpsClient.New(Unknown Source)
	at sun.net.www.protocol.https.AbstractDelegateHttpsURLConnection.getNewHttpClient(Unknown Source)
	at sun.net.www.protocol.http.HttpURLConnection.plainConnect0(Unknown Source)
	at sun.net.www.protocol.http.HttpURLConnection.plainConnect(Unknown Source)
	at sun.net.www.protocol.https.AbstractDelegateHttpsURLConnection.connect(Unknown Source)
	at sun.net.www.protocol.https.HttpsURLConnectionImpl.connect(Unknown Source)
	at org.luke.util.WeixinUtil.httpRequest(WeixinUtil.java:58)
	at org.luke.util.WeixinUtil.getAccessToken(WeixinUtil.java:153)
	at org.luke.main.MenuManager.main(MenuManager.java:24)
